root - ERROR - Error extracting text: Message: no such element: Unable to locate element: {"method":"css selector","selector":".corso-insegnamenti-list ng-scope"}
  (Session info: chrome=114.0.5735.199)
Stacktrace:
Backtrace:
	GetHandleVerifier [0x0117A813+48355]
	(No symbol) [0x0110C4B1]
	(No symbol) [0x01015358]
	(No symbol) [0x010409A5]
	(No symbol) [0x01040B3B]
	(No symbol) [0x0106E232]
	(No symbol) [0x0105A784]
	(No symbol) [0x0106C922]
	(No symbol) [0x0105A536]
	(No symbol) [0x010382DC]
	(No symbol) [0x010393DD]
	GetHandleVerifier [0x013DAABD+2539405]
	GetHandleVerifier [0x0141A78F+2800735]
	GetHandleVerifier [0x0141456C+2775612]
	GetHandleVerifier [0x012051E0+616112]
	(No symbol) [0x01115F8C]
	(No symbol) [0x01112328]
	(No symbol) [0x0111240B]
	(No symbol) [0x01104FF7]
	BaseThreadInitThunk [0x75A300C9+25]
	RtlGetAppContainerNamedObjectPath [0x77347B4E+286]
	RtlGetAppContainerNamedObjectPath [0x77347B1E+238]

